[ 2026-07-19 21:14:34,072 ] 1025 httpx - INFO - HTTP Request: GET https://dagshub.com/api/v1/user "HTTP/1.1 200 OK"
[ 2026-07-19 21:14:34,083 ] 107 dagshub - INFO - Accessing as shloksutariya2
[ 2026-07-19 21:14:35,838 ] 1025 httpx - INFO - HTTP Request: GET https://dagshub.com/api/v1/repos/shloksutariya2/NetworkSecurity "HTTP/1.1 200 OK"
[ 2026-07-19 21:14:36,680 ] 1025 httpx - INFO - HTTP Request: GET https://dagshub.com/api/v1/user "HTTP/1.1 200 OK"
[ 2026-07-19 21:14:36,682 ] 107 dagshub - INFO - Initialized MLflow to track repo "shloksutariya2/NetworkSecurity"
[ 2026-07-19 21:14:36,683 ] 107 dagshub - INFO - Repository shloksutariya2/NetworkSecurity initialized!
[ 2026-07-19 21:14:36,683 ] 20 root - INFO - Initiate the data ingestion
[ 2026-07-19 21:14:44,782 ] 65 root - INFO - Performed train test split on the dataframe
[ 2026-07-19 21:14:44,783 ] 67 root - INFO - Exited split_data_as_train_test method of Data_Ingestion class
[ 2026-07-19 21:14:44,783 ] 75 root - INFO - Exporting train and test file path.
[ 2026-07-19 21:14:44,813 ] 84 root - INFO - Exported train and test file path.
[ 2026-07-19 21:14:44,814 ] 22 root - INFO - Data Initiation Completed
[ 2026-07-19 21:14:44,817 ] 26 root - INFO - Initiate the data Validation
[ 2026-07-19 21:14:44,828 ] 32 root - INFO - Required number of columns:2
[ 2026-07-19 21:14:44,828 ] 33 root - INFO - Data frame has columns:31
[ 2026-07-19 21:14:44,828 ] 32 root - INFO - Required number of columns:2
[ 2026-07-19 21:14:44,828 ] 33 root - INFO - Data frame has columns:31
[ 2026-07-19 21:14:44,934 ] 28 root - INFO - data Validation Completed
[ 2026-07-19 21:14:44,934 ] 31 root - INFO - data Transformation started
[ 2026-07-19 21:14:44,934 ] 63 root - INFO - Entered initiate_data_transformation method of DataTransformation class
[ 2026-07-19 21:14:44,934 ] 65 root - INFO - Starting data transformation
[ 2026-07-19 21:14:44,946 ] 48 root - INFO - Entered get_data_trnasformer_object method of Trnasformation class
[ 2026-07-19 21:14:44,946 ] 53 root - INFO - Initialise KNNImputer with {'missing_values': nan, 'n_neighbors': 3, 'weights': 'uniform'}
[ 2026-07-19 21:14:44,951 ] 46 root - INFO - Entered the save_object method of MainUtils class
[ 2026-07-19 21:14:44,955 ] 50 root - INFO - Exited the save_object method of MainUtils class
[ 2026-07-19 21:14:44,955 ] 46 root - INFO - Entered the save_object method of MainUtils class
[ 2026-07-19 21:14:44,958 ] 50 root - INFO - Exited the save_object method of MainUtils class
[ 2026-07-19 21:14:44,959 ] 35 root - INFO - data Transformation completed
[ 2026-07-19 21:14:44,959 ] 37 root - INFO - Model Training sstared
[ 2026-07-19 21:17:46,024 ] 46 root - INFO - Entered the save_object method of MainUtils class
[ 2026-07-19 21:17:46,045 ] 50 root - INFO - Exited the save_object method of MainUtils class
[ 2026-07-19 21:17:46,045 ] 46 root - INFO - Entered the save_object method of MainUtils class
[ 2026-07-19 21:17:46,066 ] 50 root - INFO - Exited the save_object method of MainUtils class
[ 2026-07-19 21:17:46,067 ] 143 root - INFO - Model trainer artifact: ModelTrainerArtifact(trained_model_file_path='Artifacts/07_19_2026_21_14_31/model_trainer/trained_model/model.pkl', train_metric_artifact=ClassificationMetricArtifact(f1_score=0.9914738124238733, precision_score=0.9894651539708266, recall_score=0.9934906427990235), test_metric_artifact=ClassificationMetricArtifact(f1_score=0.9738219895287957, precision_score=0.9734299516908212, recall_score=0.9742143432715552))
[ 2026-07-19 21:17:46,068 ] 42 root - INFO - Model Training artifact created
