[ 2026-07-19 20:29:14,582 ] 1025 httpx - INFO - HTTP Request: GET https://dagshub.com/api/v1/user "HTTP/1.1 200 OK"
[ 2026-07-19 20:29:14,590 ] 107 dagshub - INFO - Accessing as shloksutariya2
[ 2026-07-19 20:29:15,671 ] 1025 httpx - INFO - HTTP Request: GET https://dagshub.com/api/v1/repos/shloksutariya2/NetworkSecurity "HTTP/1.1 200 OK"
[ 2026-07-19 20:29:16,196 ] 1025 httpx - INFO - HTTP Request: GET https://dagshub.com/api/v1/user "HTTP/1.1 200 OK"
[ 2026-07-19 20:29:16,201 ] 107 dagshub - INFO - Initialized MLflow to track repo "shloksutariya2/NetworkSecurity"
[ 2026-07-19 20:29:16,202 ] 107 dagshub - INFO - Repository shloksutariya2/NetworkSecurity initialized!
[ 2026-07-19 20:29:16,202 ] 20 root - INFO - Initiate the data ingestion
[ 2026-07-19 20:29:22,830 ] 65 root - INFO - Performed train test split on the dataframe
[ 2026-07-19 20:29:22,830 ] 67 root - INFO - Exited split_data_as_train_test method of Data_Ingestion class
[ 2026-07-19 20:29:22,831 ] 75 root - INFO - Exporting train and test file path.
[ 2026-07-19 20:29:22,859 ] 84 root - INFO - Exported train and test file path.
[ 2026-07-19 20:29:22,860 ] 22 root - INFO - Data Initiation Completed
[ 2026-07-19 20:29:22,870 ] 26 root - INFO - Initiate the data Validation
[ 2026-07-19 20:29:22,899 ] 32 root - INFO - Required number of columns:2
[ 2026-07-19 20:29:22,899 ] 33 root - INFO - Data frame has columns:31
[ 2026-07-19 20:29:22,900 ] 32 root - INFO - Required number of columns:2
[ 2026-07-19 20:29:22,900 ] 33 root - INFO - Data frame has columns:31
[ 2026-07-19 20:29:23,072 ] 28 root - INFO - data Validation Completed
[ 2026-07-19 20:29:23,072 ] 31 root - INFO - data Transformation started
[ 2026-07-19 20:29:23,072 ] 63 root - INFO - Entered initiate_data_transformation method of DataTransformation class
[ 2026-07-19 20:29:23,072 ] 65 root - INFO - Starting data transformation
[ 2026-07-19 20:29:23,096 ] 48 root - INFO - Entered get_data_trnasformer_object method of Trnasformation class
[ 2026-07-19 20:29:23,096 ] 53 root - INFO - Initialise KNNImputer with {'missing_values': nan, 'n_neighbors': 3, 'weights': 'uniform'}
[ 2026-07-19 20:29:23,105 ] 46 root - INFO - Entered the save_object method of MainUtils class
[ 2026-07-19 20:29:23,111 ] 50 root - INFO - Exited the save_object method of MainUtils class
[ 2026-07-19 20:29:23,111 ] 46 root - INFO - Entered the save_object method of MainUtils class
[ 2026-07-19 20:29:23,123 ] 50 root - INFO - Exited the save_object method of MainUtils class
[ 2026-07-19 20:29:23,124 ] 35 root - INFO - data Transformation completed
[ 2026-07-19 20:29:23,124 ] 37 root - INFO - Model Training sstared
[ 2026-07-19 20:32:25,212 ] 46 root - INFO - Entered the save_object method of MainUtils class
[ 2026-07-19 20:32:25,213 ] 50 root - INFO - Exited the save_object method of MainUtils class
[ 2026-07-19 20:32:25,213 ] 46 root - INFO - Entered the save_object method of MainUtils class
[ 2026-07-19 20:32:25,255 ] 50 root - INFO - Exited the save_object method of MainUtils class
[ 2026-07-19 20:32:25,255 ] 151 root - INFO - Model trainer artifact: ModelTrainerArtifact(trained_model_file_path='Artifacts/07_19_2026_20_29_12/model_trainer/trained_model/model.pkl', train_metric_artifact=ClassificationMetricArtifact(f1_score=0.9911414316261073, precision_score=0.9898311978848892, recall_score=0.9924551386623165), test_metric_artifact=ClassificationMetricArtifact(f1_score=0.9720670391061452, precision_score=0.9720670391061452, recall_score=0.9720670391061452))
[ 2026-07-19 20:32:25,257 ] 42 root - INFO - Model Training artifact created
