[ 2026-07-19 21:00:47,378 ] 1025 httpx - INFO - HTTP Request: GET https://dagshub.com/api/v1/user "HTTP/1.1 200 OK"
[ 2026-07-19 21:00:47,391 ] 107 dagshub - INFO - Accessing as shloksutariya2
[ 2026-07-19 21:00:47,797 ] 1025 httpx - INFO - HTTP Request: GET https://dagshub.com/api/v1/repos/shloksutariya2/NetworkSecurity "HTTP/1.1 200 OK"
[ 2026-07-19 21:00:53,131 ] 1025 httpx - INFO - HTTP Request: GET https://dagshub.com/api/v1/user "HTTP/1.1 200 OK"
[ 2026-07-19 21:00:53,134 ] 107 dagshub - INFO - Initialized MLflow to track repo "shloksutariya2/NetworkSecurity"
[ 2026-07-19 21:00:53,135 ] 107 dagshub - INFO - Repository shloksutariya2/NetworkSecurity initialized!
[ 2026-07-19 21:00:53,135 ] 20 root - INFO - Initiate the data ingestion
[ 2026-07-19 21:00:55,354 ] 65 root - INFO - Performed train test split on the dataframe
[ 2026-07-19 21:00:55,354 ] 67 root - INFO - Exited split_data_as_train_test method of Data_Ingestion class
[ 2026-07-19 21:00:55,354 ] 75 root - INFO - Exporting train and test file path.
[ 2026-07-19 21:00:55,383 ] 84 root - INFO - Exported train and test file path.
[ 2026-07-19 21:00:55,383 ] 22 root - INFO - Data Initiation Completed
[ 2026-07-19 21:00:55,387 ] 26 root - INFO - Initiate the data Validation
[ 2026-07-19 21:00:55,397 ] 32 root - INFO - Required number of columns:2
[ 2026-07-19 21:00:55,397 ] 33 root - INFO - Data frame has columns:31
[ 2026-07-19 21:00:55,397 ] 32 root - INFO - Required number of columns:2
[ 2026-07-19 21:00:55,397 ] 33 root - INFO - Data frame has columns:31
[ 2026-07-19 21:00:55,488 ] 28 root - INFO - data Validation Completed
[ 2026-07-19 21:00:55,488 ] 31 root - INFO - data Transformation started
[ 2026-07-19 21:00:55,488 ] 63 root - INFO - Entered initiate_data_transformation method of DataTransformation class
[ 2026-07-19 21:00:55,488 ] 65 root - INFO - Starting data transformation
[ 2026-07-19 21:00:55,499 ] 48 root - INFO - Entered get_data_trnasformer_object method of Trnasformation class
[ 2026-07-19 21:00:55,499 ] 53 root - INFO - Initialise KNNImputer with {'missing_values': nan, 'n_neighbors': 3, 'weights': 'uniform'}
[ 2026-07-19 21:00:55,504 ] 46 root - INFO - Entered the save_object method of MainUtils class
[ 2026-07-19 21:00:55,506 ] 50 root - INFO - Exited the save_object method of MainUtils class
[ 2026-07-19 21:00:55,506 ] 46 root - INFO - Entered the save_object method of MainUtils class
[ 2026-07-19 21:00:55,510 ] 50 root - INFO - Exited the save_object method of MainUtils class
[ 2026-07-19 21:00:55,511 ] 35 root - INFO - data Transformation completed
[ 2026-07-19 21:00:55,511 ] 37 root - INFO - Model Training sstared
[ 2026-07-19 21:03:41,625 ] 46 root - INFO - Entered the save_object method of MainUtils class
[ 2026-07-19 21:03:41,655 ] 50 root - INFO - Exited the save_object method of MainUtils class
[ 2026-07-19 21:03:41,656 ] 46 root - INFO - Entered the save_object method of MainUtils class
[ 2026-07-19 21:03:41,700 ] 50 root - INFO - Exited the save_object method of MainUtils class
[ 2026-07-19 21:03:41,700 ] 139 root - INFO - Model trainer artifact: ModelTrainerArtifact(trained_model_file_path='Artifacts/07_19_2026_21_00_44/model_trainer/trained_model/model.pkl', train_metric_artifact=ClassificationMetricArtifact(f1_score=0.990998280570446, precision_score=0.9896969696969697, recall_score=0.9923030180271419), test_metric_artifact=ClassificationMetricArtifact(f1_score=0.9768198454656365, precision_score=0.9693301049233253, recall_score=0.9844262295081967))
[ 2026-07-19 21:03:41,702 ] 42 root - INFO - Model Training artifact created
