[ 2026-07-19 19:52:05,725 ] 1025 httpx - INFO - HTTP Request: GET https://dagshub.com/api/v1/user "HTTP/1.1 200 OK"
[ 2026-07-19 19:52:05,733 ] 107 dagshub - INFO - Accessing as shloksutariya2
[ 2026-07-19 19:52:06,628 ] 1025 httpx - INFO - HTTP Request: GET https://dagshub.com/api/v1/repos/shloksutariya2/NetworkSecurity "HTTP/1.1 200 OK"
[ 2026-07-19 19:52:07,454 ] 1025 httpx - INFO - HTTP Request: GET https://dagshub.com/api/v1/user "HTTP/1.1 200 OK"
[ 2026-07-19 19:52:07,456 ] 107 dagshub - INFO - Initialized MLflow to track repo "shloksutariya2/NetworkSecurity"
[ 2026-07-19 19:52:07,456 ] 107 dagshub - INFO - Repository shloksutariya2/NetworkSecurity initialized!
[ 2026-07-19 19:52:07,457 ] 20 root - INFO - Initiate the data ingestion
[ 2026-07-19 19:52:09,217 ] 65 root - INFO - Performed train test split on the dataframe
[ 2026-07-19 19:52:09,218 ] 67 root - INFO - Exited split_data_as_train_test method of Data_Ingestion class
[ 2026-07-19 19:52:09,218 ] 75 root - INFO - Exporting train and test file path.
[ 2026-07-19 19:52:09,245 ] 84 root - INFO - Exported train and test file path.
[ 2026-07-19 19:52:09,245 ] 22 root - INFO - Data Initiation Completed
[ 2026-07-19 19:52:09,248 ] 26 root - INFO - Initiate the data Validation
[ 2026-07-19 19:52:09,259 ] 32 root - INFO - Required number of columns:2
[ 2026-07-19 19:52:09,259 ] 33 root - INFO - Data frame has columns:31
[ 2026-07-19 19:52:09,259 ] 32 root - INFO - Required number of columns:2
[ 2026-07-19 19:52:09,259 ] 33 root - INFO - Data frame has columns:31
[ 2026-07-19 19:52:09,376 ] 28 root - INFO - data Validation Completed
[ 2026-07-19 19:52:09,376 ] 31 root - INFO - data Transformation started
[ 2026-07-19 19:52:09,376 ] 63 root - INFO - Entered initiate_data_transformation method of DataTransformation class
[ 2026-07-19 19:52:09,376 ] 65 root - INFO - Starting data transformation
[ 2026-07-19 19:52:09,387 ] 48 root - INFO - Entered get_data_trnasformer_object method of Trnasformation class
[ 2026-07-19 19:52:09,387 ] 53 root - INFO - Initialise KNNImputer with {'missing_values': nan, 'n_neighbors': 3, 'weights': 'uniform'}
[ 2026-07-19 19:52:09,395 ] 46 root - INFO - Entered the save_object method of MainUtils class
[ 2026-07-19 19:52:09,400 ] 50 root - INFO - Exited the save_object method of MainUtils class
[ 2026-07-19 19:52:09,400 ] 46 root - INFO - Entered the save_object method of MainUtils class
[ 2026-07-19 19:52:09,405 ] 50 root - INFO - Exited the save_object method of MainUtils class
[ 2026-07-19 19:52:09,406 ] 35 root - INFO - data Transformation completed
[ 2026-07-19 19:52:09,406 ] 37 root - INFO - Model Training sstared
