[ 2026-07-19 19:45:19,219 ] 1025 httpx - INFO - HTTP Request: POST https://dagshub.com/login/oauth/middleman "HTTP/1.1 200 OK"
[ 2026-07-19 19:45:19,988 ] 1025 httpx - INFO - HTTP Request: POST https://dagshub.com/login/oauth/access_token "HTTP/1.1 200 OK"
[ 2026-07-19 19:45:21,126 ] 1025 httpx - INFO - HTTP Request: GET https://dagshub.com/api/v1/user "HTTP/1.1 200 OK"
[ 2026-07-19 19:45:21,131 ] 107 dagshub - INFO - Accessing as shloksutariya2
[ 2026-07-19 19:45:22,482 ] 1025 httpx - INFO - HTTP Request: GET https://dagshub.com/api/v1/repos/shloksutariya2/NetworkSecurity "HTTP/1.1 200 OK"
[ 2026-07-19 19:45:22,819 ] 1025 httpx - INFO - HTTP Request: GET https://dagshub.com/api/v1/user "HTTP/1.1 200 OK"
[ 2026-07-19 19:45:22,822 ] 107 dagshub - INFO - Initialized MLflow to track repo "shloksutariya2/NetworkSecurity"
[ 2026-07-19 19:45:22,823 ] 107 dagshub - INFO - Repository shloksutariya2/NetworkSecurity initialized!
[ 2026-07-19 19:45:22,823 ] 20 root - INFO - Initiate the data ingestion
[ 2026-07-19 19:45:24,808 ] 65 root - INFO - Performed train test split on the dataframe
[ 2026-07-19 19:45:24,808 ] 67 root - INFO - Exited split_data_as_train_test method of Data_Ingestion class
[ 2026-07-19 19:45:24,808 ] 75 root - INFO - Exporting train and test file path.
[ 2026-07-19 19:45:24,840 ] 84 root - INFO - Exported train and test file path.
[ 2026-07-19 19:45:24,840 ] 22 root - INFO - Data Initiation Completed
[ 2026-07-19 19:45:24,843 ] 26 root - INFO - Initiate the data Validation
[ 2026-07-19 19:45:24,856 ] 32 root - INFO - Required number of columns:2
[ 2026-07-19 19:45:24,856 ] 33 root - INFO - Data frame has columns:31
[ 2026-07-19 19:45:24,856 ] 32 root - INFO - Required number of columns:2
[ 2026-07-19 19:45:24,856 ] 33 root - INFO - Data frame has columns:31
[ 2026-07-19 19:45:24,958 ] 28 root - INFO - data Validation Completed
