[ 2026-07-19 20:15:35,662 ] 1025 httpx - INFO - HTTP Request: GET https://dagshub.com/api/v1/user "HTTP/1.1 200 OK"
[ 2026-07-19 20:15:35,673 ] 107 dagshub - INFO - Accessing as shloksutariya2
[ 2026-07-19 20:15:37,512 ] 1025 httpx - INFO - HTTP Request: GET https://dagshub.com/api/v1/repos/shloksutariya2/NetworkSecurity "HTTP/1.1 200 OK"
[ 2026-07-19 20:15:38,778 ] 1025 httpx - INFO - HTTP Request: GET https://dagshub.com/api/v1/user "HTTP/1.1 200 OK"
[ 2026-07-19 20:15:38,780 ] 107 dagshub - INFO - Initialized MLflow to track repo "shloksutariya2/NetworkSecurity"
[ 2026-07-19 20:15:38,781 ] 107 dagshub - INFO - Repository shloksutariya2/NetworkSecurity initialized!
[ 2026-07-19 20:15:38,781 ] 20 root - INFO - Initiate the data ingestion
[ 2026-07-19 20:15:41,174 ] 65 root - INFO - Performed train test split on the dataframe
[ 2026-07-19 20:15:41,174 ] 67 root - INFO - Exited split_data_as_train_test method of Data_Ingestion class
[ 2026-07-19 20:15:41,174 ] 75 root - INFO - Exporting train and test file path.
[ 2026-07-19 20:15:41,205 ] 84 root - INFO - Exported train and test file path.
[ 2026-07-19 20:15:41,205 ] 22 root - INFO - Data Initiation Completed
[ 2026-07-19 20:15:41,208 ] 26 root - INFO - Initiate the data Validation
[ 2026-07-19 20:15:41,220 ] 32 root - INFO - Required number of columns:2
[ 2026-07-19 20:15:41,220 ] 33 root - INFO - Data frame has columns:31
[ 2026-07-19 20:15:41,220 ] 32 root - INFO - Required number of columns:2
[ 2026-07-19 20:15:41,220 ] 33 root - INFO - Data frame has columns:31
[ 2026-07-19 20:15:41,331 ] 28 root - INFO - data Validation Completed
[ 2026-07-19 20:15:41,331 ] 31 root - INFO - data Transformation started
[ 2026-07-19 20:15:41,331 ] 63 root - INFO - Entered initiate_data_transformation method of DataTransformation class
[ 2026-07-19 20:15:41,331 ] 65 root - INFO - Starting data transformation
[ 2026-07-19 20:15:41,342 ] 48 root - INFO - Entered get_data_trnasformer_object method of Trnasformation class
[ 2026-07-19 20:15:41,342 ] 53 root - INFO - Initialise KNNImputer with {'missing_values': nan, 'n_neighbors': 3, 'weights': 'uniform'}
[ 2026-07-19 20:15:41,351 ] 46 root - INFO - Entered the save_object method of MainUtils class
[ 2026-07-19 20:15:41,359 ] 50 root - INFO - Exited the save_object method of MainUtils class
[ 2026-07-19 20:15:41,360 ] 46 root - INFO - Entered the save_object method of MainUtils class
[ 2026-07-19 20:15:41,371 ] 50 root - INFO - Exited the save_object method of MainUtils class
[ 2026-07-19 20:15:41,371 ] 35 root - INFO - data Transformation completed
[ 2026-07-19 20:15:41,371 ] 37 root - INFO - Model Training sstared
